#
# A fatal error has been detected by the Java Runtime Environment:
#
#  EXCEPTION_ACCESS_VIOLATION (0xc0000005) at pc=0x00007fff6d05c5c8, pid=10488, tid=5036
#
# JRE version: OpenJDK Runtime Environment Temurin-17.0.13+11 (17.0.13+11) (build 17.0.13+11)
# Java VM: OpenJDK 64-Bit Server VM Temurin-17.0.13+11 (17.0.13+11, mixed mode, tiered, compressed oops, compressed class ptrs, parallel gc, windows-amd64)
# Problematic frame:
# V  [jvm.dll+0xc5c8]
#
# No core dump will be written. Minidumps are not enabled by default on client versions of Windows
#
# If you would like to submit a bug report, please visit:
#   https://github.com/adoptium/adoptium-support/issues
#

---------------  S U M M A R Y ------------

Command Line: --add-modules=ALL-SYSTEM --add-opens=java.base/java.util=ALL-UNNAMED --add-opens=java.base/java.lang=ALL-UNNAMED --add-opens=java.base/sun.nio.fs=ALL-UNNAMED -Declipse.application=org.eclipse.jdt.ls.core.id1 -Dosgi.bundles.defaultStartLevel=4 -Declipse.product=org.eclipse.jdt.ls.core.product -Djava.import.generatesMetadataFilesAtProjectRoot=false -DDetectVMInstallationsJob.disabled=true -Dfile.encoding=utf8 -XX:+UseParallelGC -XX:GCTimeRatio=4 -XX:AdaptiveSizePolicyWeight=90 -Dsun.zip.disableMemoryMapping=true -Xmx1G -Xms100m -Xlog:disable -javaagent:c:\Users\Hamza tabani\.vscode\extensions\redhat.java-1.37.0-win32-x64\lombok\lombok-1.18.34.jar -XX:+HeapDumpOnOutOfMemoryError -XX:HeapDumpPath=c:\Users\Hamza tabani\AppData\Roaming\Code\User\workspaceStorage\b770b574c2743dfc391069694ab435c9\redhat.java -Daether.dependencyCollector.impl=bf c:\Users\Hamza tabani\.vscode\extensions\redhat.java-1.37.0-win32-x64\server\plugins\org.eclipse.equinox.launcher_1.6.900.v20240613-2009.jar -configuration c:\Users\Hamza tabani\AppData\Roaming\Code\User\globalStorage\redhat.java\1.37.0\config_win -data c:\Users\Hamza tabani\AppData\Roaming\Code\User\workspaceStorage\b770b574c2743dfc391069694ab435c9\redhat.java\jdt_ws --pipe=\\.\pipe\lsp-c6d44aeae383e2a2fd38867f1dfeadbd-sock

Host: Intel(R) Core(TM) i7-4790 CPU @ 3.60GHz, 8 cores, 15G,  Windows 10 , 64 bit Build 19041 (10.0.19041.5072)
Time: Wed Dec 11 21:54:32 2024 Pakistan Standard Time elapsed time: 6.881069 seconds (0d 0h 0m 6s)

---------------  T H R E A D  ---------------

Current thread (0x00000196a042d380):  GCTaskThread "GC Thread#6" [stack: 0x000000098ab00000,0x000000098ac00000] [id=5036]

Stack: [0x000000098ab00000,0x000000098ac00000],  sp=0x000000098abff648,  free space=1021k
Native frames: (J=compiled Java code, j=interpreted, Vv=VM code, C=native code)
V  [jvm.dll+0xc5c8]


siginfo: EXCEPTION_ACCESS_VIOLATION (0xc0000005), reading address 0x0000000003700330


Registers:
RAX=0x0000000000000001, RBX=0x00000000c2ea73d8, RCX=0x0000000000000003, RDX=0x00000000c2ea73d8
RSP=0x000000098abff648, RBP=0x00000000ca76e05c, RSI=0x0000019699ee9d50, RDI=0x00000000c2ea73d8
R8 =0x0000000003700328, R9 =0x0000000000017539, R10=0x0000000000000045, R11=0x00000000ca76df38
R12=0x00007fff6db85840, R13=0x0000000000000000, R14=0x00007fff6da06448, R15=0x00007fff6d970b90
RIP=0x00007fff6d05c5c8, EFLAGS=0x0000000000010206


Register to memory mapping:

RIP=0x00007fff6d05c5c8 jvm.dll
RAX=0x0000000000000001 is an unknown value
RBX=0x00000000c2ea73d8 is pointing into object: [C 
{0x00000000c2ea73d0} - klass: {type array char}
 - length: 16
RCX=0x0000000000000003 is an unknown value
RDX=0x00000000c2ea73d8 is pointing into object: [C 
{0x00000000c2ea73d0} - klass: {type array char}
 - length: 16
RSP=0x000000098abff648 points into unknown readable memory: 0x00007fff6d706f52 | 52 6f 70 6d ff 7f 00 00
RBP=0x00000000ca76e05c is pointing into object: [[C 
{0x00000000ca76df38} - klass: {type array char}[]
 - length: 69
RSI=0x0000019699ee9d50 points into unknown readable memory: 0x00000196861577a0 | a0 77 15 86 96 01 00 00
RDI=0x00000000c2ea73d8 is pointing into object: [C 
{0x00000000c2ea73d0} - klass: {type array char}
 - length: 16
R8 =0x0000000003700328 is an unknown value
R9 =0x0000000000017539 is an unknown value
R10=0x0000000000000045 is an unknown value
R11=0x00000000ca76df38 is an oop: [[C 
{0x00000000ca76df38} - klass: {type array char}[]
 - length: 69
R12=0x00007fff6db85840 jvm.dll
R13=0x0 is NULL
R14=0x00007fff6da06448 jvm.dll
R15=0x00007fff6d970b90 jvm.dll


Top of Stack: (sp=0x000000098abff648)
0x000000098abff648:   00007fff6d706f52 00000000ca616ed0
0x000000098abff658:   0000000000000026 0000000100484dc0
0x000000098abff668:   00007fff6d704f7e 00000000c2ea73d8
0x000000098abff678:   00007fff6d706485 00000000ca76dfd0
0x000000098abff688:   000000000000001e 00007fff6d970b90
0x000000098abff698:   00007fff6da06448 00000000000002e8
0x000000098abff6a8:   00007fff6d706763 0000019699ee9d50
0x000000098abff6b8:   000000000000000c 0000000000000010
0x000000098abff6c8:   00007fff6d830001 0000000000000000
0x000000098abff6d8:   00007fff00000000 0000025800000003
0x000000098abff6e8:   0000019699ee9d50 0000000000000000
0x000000098abff6f8:   0000000000000000 00007fff6d970b90
0x000000098abff708:   00000196860ab320 0000000900000003
0x000000098abff718:   0000019699ee9d50 0000000000000000
0x000000098abff728:   0000000000000000 00000009897fe818
0x000000098abff738:   0000000000000006 000000000000000c
0x000000098abff748:   0000000000000010 00000000c4b5c850
0x000000098abff758:   0000019699ee9d50 00000000c6a6f088
0x000000098abff768:   00007fff6d70d9ac 00000000c6a6f080
0x000000098abff778:   00000000c9e60298 00000000c9e60298
0x000000098abff788:   00000000c6a6f088 00000000c6a61078
0x000000098abff798:   0000000000003000 0000000000000000
0x000000098abff7a8:   0000000000000000 0000000000000006
0x000000098abff7b8:   00000009897fe810 0000000000000006
0x000000098abff7c8:   00000009897fe810 00000009897fe7d8
0x000000098abff7d8:   00000009897fe6d0 00000009897fe6d0
0x000000098abff7e8:   00007fff6d70eb0a 0000000000000005
0x000000098abff7f8:   000000098abff870 0000000000000000
0x000000098abff808:   00000196a042d380 00000000000000a8
0x000000098abff818:   00000009897fefc8 0000000600000002
0x000000098abff828:   0000019699ee9d50 00007fff6da06c38
0x000000098abff838:   0000019699ee9d50 00007fff6da06e40 

Instructions: (pc=0x00007fff6d05c5c8)
0x00007fff6d05c4c8:   cc cc cc cc cc cc cc cc 48 8b 01 c3 cc cc cc cc
0x00007fff6d05c4d8:   cc cc cc cc cc cc cc cc 4c 8b 01 4c 8b c9 48 8b
0x00007fff6d05c4e8:   0d e3 f6 b6 00 ba 44 60 08 00 e9 a9 f1 ff ff cc
0x00007fff6d05c4f8:   cc cc cc cc cc cc cc cc 48 89 5c 24 08 57 48 83
0x00007fff6d05c508:   ec 20 48 8b 39 48 8b d9 48 85 3d 71 e4 bb 00 75
0x00007fff6d05c518:   0e 48 8b c7 48 8b 5c 24 30 48 83 c4 20 5f c3 48
0x00007fff6d05c528:   8b cf e8 91 ea 85 00 48 8b d0 48 85 c0 74 20 48
0x00007fff6d05c538:   8b c7 f0 48 0f b1 13 74 16 48 85 05 40 e4 bb 00
0x00007fff6d05c548:   74 0d 48 8b c8 f0 48 0f b1 13 48 3b c1 75 ea 48
0x00007fff6d05c558:   8b 5c 24 30 48 8b c2 48 83 c4 20 5f c3 cc cc cc
0x00007fff6d05c568:   cc cc cc cc cc cc cc cc 4c 8b 01 4c 8b c9 48 8b
0x00007fff6d05c578:   0d 53 f6 b6 00 ba 64 60 08 00 e9 19 f1 ff ff cc
0x00007fff6d05c588:   cc cc cc cc cc cc cc cc 8b 05 72 3d b1 00 c3 cc
0x00007fff6d05c598:   cc cc cc cc cc cc cc cc 0f b6 05 f1 fe b7 00 48
0x00007fff6d05c5a8:   8b d1 84 c0 74 16 44 8b 41 08 8b 0d 50 3d b1 00
0x00007fff6d05c5b8:   49 d3 e0 4c 03 05 3e 3d b1 00 eb 04 4c 8b 41 08
0x00007fff6d05c5c8:   45 8b 48 08 45 85 c9 7e 0e 41 f6 c1 01 75 53 41
0x00007fff6d05c5d8:   c1 f9 03 41 8b c1 c3 79 49 84 c0 41 b8 0c 00 00
0x00007fff6d05c5e8:   00 8b 05 55 4c b1 00 b9 10 00 00 00 41 0f 45 c8
0x00007fff6d05c5f8:   ff c8 48 98 48 63 14 11 41 8b c9 83 e1 3f 48 d3
0x00007fff6d05c608:   e2 41 8b c9 48 c1 f9 10 44 0f b6 c1 48 8d 0c 10
0x00007fff6d05c618:   48 f7 d0 4c 03 c1 48 c1 e8 03 49 c1 e8 03 41 23
0x00007fff6d05c628:   c0 c3 49 8b 00 49 8b c8 48 ff a0 00 01 00 00 cc
0x00007fff6d05c638:   cc cc cc cc cc cc cc cc 8b 44 24 30 45 03 c9 44
0x00007fff6d05c648:   2b 4c 24 28 83 c0 0b 44 03 ca 45 03 c8 41 03 c1
0x00007fff6d05c658:   c3 cc cc cc cc cc cc cc 4c 8b ca 48 8b d1 45 8b
0x00007fff6d05c668:   41 08 45 85 c0 7e 0e 41 f6 c0 01 75 56 41 c1 f8
0x00007fff6d05c678:   03 41 8b c0 c3 79 4c 80 3d 12 fe b7 00 00 b8 0c
0x00007fff6d05c688:   00 00 00 b9 10 00 00 00 0f 45 c8 8b 05 ab 4b b1
0x00007fff6d05c698:   00 ff c8 48 98 48 63 14 11 41 8b c8 83 e1 3f 48
0x00007fff6d05c6a8:   d3 e2 41 8b c8 48 c1 f9 10 44 0f b6 c1 48 8d 0c
0x00007fff6d05c6b8:   10 48 f7 d0 4c 03 c1 48 c1 e8 03 49 c1 e8 03 41 


Stack slot to memory mapping:
stack at sp + 0 slots: 0x00007fff6d706f52 jvm.dll
stack at sp + 1 slots: 0x00000000ca616ed0 is an oop: [C 
{0x00000000ca616ed0} - klass: {type array char}
 - length: 142
stack at sp + 2 slots: 0x0000000000000026 is an unknown value
stack at sp + 3 slots: 0x0000000100484dc0 is pointing into metadata
stack at sp + 4 slots: 0x00007fff6d704f7e jvm.dll
stack at sp + 5 slots: 0x00000000c2ea73d8 is pointing into object: [C 
{0x00000000c2ea73d0} - klass: {type array char}
 - length: 16
stack at sp + 6 slots: 0x00007fff6d706485 jvm.dll
stack at sp + 7 slots: 0x00000000ca76dfd0 is pointing into object: [[C 
{0x00000000ca76df38} - klass: {type array char}[]
 - length: 69


---------------  P R O C E S S  ---------------

Threads class SMR info:
_java_thread_list=0x00000196a148b510, length=45, elements={
0x000001968609f550, 0x000001968615dde0, 0x0000019699f31710, 0x000001969f2772b0,
0x000001969f277f40, 0x000001969f27b280, 0x000001969f280720, 0x000001969f287770,
0x000001969f2888d0, 0x000001969f2895f0, 0x000001969f33ab30, 0x000001969f400140,
0x000001969f5a5e60, 0x00000196a059f6d0, 0x00000196a0c3c250, 0x00000196a090dae0,
0x00000196a0c10eb0, 0x00000196a0d863f0, 0x00000196a1399740, 0x00000196a11570f0,
0x00000196a1158020, 0x00000196a1158530, 0x00000196a1159460, 0x00000196a1156be0,
0x00000196a1159970, 0x00000196a1157b10, 0x00000196a1159e80, 0x00000196a1157600,
0x00000196a3d52c90, 0x00000196a3d55a20, 0x00000196a3d545e0, 0x00000196a3d536b0,
0x00000196a3d540d0, 0x00000196a3d55f30, 0x00000196a3d56440, 0x00000196a3d56950,
0x00000196a3d4ff00, 0x00000196a3d53bc0, 0x00000196a3d54af0, 0x00000196a3d56e60,
0x00000196a3d50e30, 0x00000196a3d51d60, 0x00000196a3d57370, 0x00000196a3d50410,
0x00000196a3d55000
}

Java Threads: ( => current thread )
  0x000001968609f550 JavaThread "main" [_thread_blocked, id=17040, stack(0x0000000989500000,0x0000000989600000)]
  0x000001968615dde0 JavaThread "Reference Handler" daemon [_thread_blocked, id=6468, stack(0x0000000989800000,0x0000000989900000)]
  0x0000019699f31710 JavaThread "Finalizer" daemon [_thread_blocked, id=17760, stack(0x0000000989900000,0x0000000989a00000)]
  0x000001969f2772b0 JavaThread "Signal Dispatcher" daemon [_thread_blocked, id=10980, stack(0x0000000989a00000,0x0000000989b00000)]
  0x000001969f277f40 JavaThread "Attach Listener" daemon [_thread_blocked, id=15516, stack(0x0000000989b00000,0x0000000989c00000)]
  0x000001969f27b280 JavaThread "Service Thread" daemon [_thread_blocked, id=8452, stack(0x0000000989c00000,0x0000000989d00000)]
  0x000001969f280720 JavaThread "Monitor Deflation Thread" daemon [_thread_blocked, id=10568, stack(0x0000000989d00000,0x0000000989e00000)]
  0x000001969f287770 JavaThread "C2 CompilerThread0" daemon [_thread_blocked, id=16740, stack(0x0000000989e00000,0x0000000989f00000)]
  0x000001969f2888d0 JavaThread "C1 CompilerThread0" daemon [_thread_blocked, id=18048, stack(0x0000000989f00000,0x000000098a000000)]
  0x000001969f2895f0 JavaThread "Sweeper thread" daemon [_thread_blocked, id=9704, stack(0x000000098a000000,0x000000098a100000)]
  0x000001969f33ab30 JavaThread "Common-Cleaner" daemon [_thread_blocked, id=12032, stack(0x000000098a100000,0x000000098a200000)]
  0x000001969f400140 JavaThread "C2 CompilerThread1" daemon [_thread_blocked, id=5644, stack(0x000000098a200000,0x000000098a300000)]
  0x000001969f5a5e60 JavaThread "Notification Thread" daemon [_thread_blocked, id=4840, stack(0x000000098a300000,0x000000098a400000)]
  0x00000196a059f6d0 JavaThread "C2 CompilerThread2" daemon [_thread_blocked, id=14516, stack(0x000000098a500000,0x000000098a600000)]
  0x00000196a0c3c250 JavaThread "Active Thread: Equinox Container: 2f9c1f54-629e-4eb9-9c68-6cb74efc1bab" [_thread_blocked, id=8564, stack(0x000000098ac00000,0x000000098ad00000)]
  0x00000196a090dae0 JavaThread "Refresh Thread: Equinox Container: 2f9c1f54-629e-4eb9-9c68-6cb74efc1bab" daemon [_thread_blocked, id=1152, stack(0x000000098ad00000,0x000000098ae00000)]
  0x00000196a0c10eb0 JavaThread "Framework Event Dispatcher: Equinox Container: 2f9c1f54-629e-4eb9-9c68-6cb74efc1bab" daemon [_thread_blocked, id=17380, stack(0x000000098ae00000,0x000000098af00000)]
  0x00000196a0d863f0 JavaThread "Start Level: Equinox Container: 2f9c1f54-629e-4eb9-9c68-6cb74efc1bab" daemon [_thread_blocked, id=5004, stack(0x000000098af00000,0x000000098b000000)]
  0x00000196a1399740 JavaThread "Bundle File Closer" daemon [_thread_blocked, id=10116, stack(0x000000098b100000,0x000000098b200000)]
  0x00000196a11570f0 JavaThread "SCR Component Actor" daemon [_thread_blocked, id=9876, stack(0x000000098b200000,0x000000098b300000)]
  0x00000196a1158020 JavaThread "SCR Component Registry" daemon [_thread_blocked, id=18388, stack(0x000000098b300000,0x000000098b400000)]
  0x00000196a1158530 JavaThread "Worker-JM" [_thread_blocked, id=6612, stack(0x000000098b400000,0x000000098b500000)]
  0x00000196a1159460 JavaThread "JNA Cleaner" daemon [_thread_blocked, id=19348, stack(0x000000098b500000,0x000000098b600000)]
  0x00000196a1156be0 JavaThread "Worker-0" [_thread_blocked, id=12464, stack(0x000000098b600000,0x000000098b700000)]
  0x00000196a1159970 JavaThread "Worker-1" [_thread_blocked, id=2496, stack(0x000000098b700000,0x000000098b800000)]
  0x00000196a1157b10 JavaThread "Java indexing" daemon [_thread_blocked, id=15532, stack(0x000000098b800000,0x000000098b900000)]
  0x00000196a1159e80 JavaThread "Worker-2: Updating Maven Dependencies" [_thread_blocked, id=15784, stack(0x000000098bb00000,0x000000098bc00000)]
  0x00000196a1157600 JavaThread "Worker-3" [_thread_blocked, id=12456, stack(0x000000098bc00000,0x000000098bd00000)]
  0x00000196a3d52c90 JavaThread "Thread-2" daemon [_thread_in_native, id=14432, stack(0x000000098bd00000,0x000000098be00000)]
  0x00000196a3d55a20 JavaThread "Thread-3" daemon [_thread_in_native, id=13816, stack(0x000000098be00000,0x000000098bf00000)]
  0x00000196a3d545e0 JavaThread "Thread-4" daemon [_thread_in_native, id=4676, stack(0x000000098bf00000,0x000000098c000000)]
  0x00000196a3d536b0 JavaThread "Thread-5" daemon [_thread_in_native, id=4024, stack(0x000000098c000000,0x000000098c100000)]
  0x00000196a3d540d0 JavaThread "Thread-6" daemon [_thread_in_native, id=16860, stack(0x000000098c100000,0x000000098c200000)]
  0x00000196a3d55f30 JavaThread "Thread-7" daemon [_thread_in_native, id=15896, stack(0x000000098c200000,0x000000098c300000)]
  0x00000196a3d56440 JavaThread "Thread-8" daemon [_thread_in_native, id=14156, stack(0x000000098c300000,0x000000098c400000)]
  0x00000196a3d56950 JavaThread "Thread-9" daemon [_thread_in_native, id=6620, stack(0x000000098c400000,0x000000098c500000)]
  0x00000196a3d4ff00 JavaThread "Thread-10" daemon [_thread_in_native, id=15288, stack(0x000000098c500000,0x000000098c600000)]
  0x00000196a3d53bc0 JavaThread "pool-2-thread-1" [_thread_blocked, id=18168, stack(0x000000098c600000,0x000000098c700000)]
  0x00000196a3d54af0 JavaThread "WorkspaceEventsHandler" [_thread_blocked, id=2724, stack(0x000000098c700000,0x000000098c800000)]
  0x00000196a3d56e60 JavaThread "pool-1-thread-1" [_thread_blocked, id=6964, stack(0x000000098c800000,0x000000098c900000)]
  0x00000196a3d50e30 JavaThread "Worker-4: Java indexing... " [_thread_blocked, id=17176, stack(0x000000098c900000,0x000000098ca00000)]
  0x00000196a3d51d60 JavaThread "Worker-5: Building" [_thread_in_native, id=17952, stack(0x000000098ca00000,0x000000098cb00000)]
  0x00000196a3d57370 JavaThread "Worker-6" [_thread_blocked, id=6592, stack(0x000000098cb00000,0x000000098cc00000)]
  0x00000196a3d50410 JavaThread "Worker-7" [_thread_blocked, id=11004, stack(0x000000098cc00000,0x000000098cd00000)]
  0x00000196a3d55000 JavaThread "Worker-8" [_thread_blocked, id=17240, stack(0x000000098cd00000,0x000000098ce00000)]

Other Threads:
  0x000001969f240090 VMThread "VM Thread" [stack: 0x0000000989700000,0x0000000989800000] [id=10780]
  0x000001969f5beb30 WatcherThread [stack: 0x000000098a400000,0x000000098a500000] [id=3688]
  0x00000196860b4cd0 GCTaskThread "GC Thread#0" [stack: 0x0000000989600000,0x0000000989700000] [id=17404]
  0x00000196a085b3a0 GCTaskThread "GC Thread#1" [stack: 0x000000098a600000,0x000000098a700000] [id=3088]
  0x00000196a0bed7a0 GCTaskThread "GC Thread#2" [stack: 0x000000098a700000,0x000000098a800000] [id=7304]
  0x00000196a0beda60 GCTaskThread "GC Thread#3" [stack: 0x000000098a800000,0x000000098a900000] [id=18156]
  0x00000196a042ce00 GCTaskThread "GC Thread#4" [stack: 0x000000098a900000,0x000000098aa00000] [id=8232]
  0x00000196a042d0c0 GCTaskThread "GC Thread#5" [stack: 0x000000098aa00000,0x000000098ab00000] [id=7580]
=>0x00000196a042d380 GCTaskThread "GC Thread#6" [stack: 0x000000098ab00000,0x000000098ac00000] [id=5036]
  0x00000196a0d29d50 GCTaskThread "GC Thread#7" [stack: 0x000000098b000000,0x000000098b100000] [id=13368]

Threads with active compile tasks:

VM state: at safepoint (normal execution)

VM Mutex/Monitor currently owned by a thread:  ([mutex/lock_event])
[0x000001968609af60] Threads_lock - owner thread: 0x000001969f240090
[0x000001968609b080] Heap_lock - owner thread: 0x00000196a1157b10

Heap address: 0x00000000c0000000, size: 1024 MB, Compressed Oops mode: 32-bit

CDS archive(s) not mapped
Compressed class space mapped at: 0x0000000100000000-0x0000000140000000, reserved size: 1073741824
Narrow klass base: 0x0000000000000000, Narrow klass shift: 3, Narrow klass range: 0x140000000

GC Precious Log:
 CPUs: 8 total, 8 available
 Memory: 16321M
 Large Page Support: Disabled
 NUMA Support: Disabled
 Compressed Oops: Enabled (32-bit)
 Alignments: Space 512K, Generation 512K, Heap 2M
 Heap Min Capacity: 100M
 Heap Initial Capacity: 100M
 Heap Max Capacity: 1G
 Pre-touch: Disabled
 Parallel Workers: 8

Heap:
 PSYoungGen      total 12288K, used 12145K [0x00000000eab00000, 0x00000000ebd80000, 0x0000000100000000)
  eden space 9728K, 100% used [0x00000000eab00000,0x00000000eb480000,0x00000000eb480000)
  from space 2560K, 94% used [0x00000000ebb00000,0x00000000ebd5c5a8,0x00000000ebd80000)
  to   space 3584K, 0% used [0x00000000eb680000,0x00000000eb680000,0x00000000eba00000)
 ParOldGen       total 174592K, used 171843K [0x00000000c0000000, 0x00000000caa80000, 0x00000000eab00000)
  object space 174592K, 98% used [0x00000000c0000000,0x00000000ca7d0c58,0x00000000caa80000)
 Metaspace       used 54455K, committed 55552K, reserved 1114112K
  class space    used 5831K, committed 6336K, reserved 1048576K

Card table byte_map: [0x0000019685a70000,0x0000019685c80000] _byte_map_base: 0x0000019685470000

Marking Bits: (ParMarkBitMap*) 0x00007fff6dbf6940
 Begin Bits: [0x0000019697d40000, 0x0000019698d40000)
 End Bits:   [0x0000019698d40000, 0x0000019699d40000)

Polling page: 0x0000019685860000

Metaspace:

Usage:
  Non-class:     47.48 MB used.
      Class:      5.69 MB used.
       Both:     53.18 MB used.

Virtual space:
  Non-class space:       64.00 MB reserved,      48.06 MB ( 75%) committed,  1 nodes.
      Class space:        1.00 GB reserved,       6.19 MB ( <1%) committed,  1 nodes.
             Both:        1.06 GB reserved,      54.25 MB (  5%) committed. 

Chunk freelists:
   Non-Class:  14.47 MB
       Class:  9.84 MB
        Both:  24.30 MB

MaxMetaspaceSize: unlimited
CompressedClassSpaceSize: 1.00 GB
Initial GC threshold: 21.00 MB
Current GC threshold: 90.44 MB
CDS: off
MetaspaceReclaimPolicy: balanced
 - commit_granule_bytes: 65536.
 - commit_granule_words: 8192.
 - virtual_space_node_default_size: 8388608.
 - enlarge_chunks_in_place: 1.
 - new_chunks_are_fully_committed: 0.
 - uncommit_free_chunks: 1.
 - use_allocation_guard: 0.
 - handle_deallocations: 1.


Internal statistics:

num_allocs_failed_limit: 6.
num_arena_births: 602.
num_arena_deaths: 24.
num_vsnodes_births: 2.
num_vsnodes_deaths: 0.
num_space_committed: 868.
num_space_uncommitted: 0.
num_chunks_returned_to_freelist: 33.
num_chunks_taken_from_freelist: 2685.
num_chunk_merges: 13.
num_chunk_splits: 1690.
num_chunks_enlarged: 1017.
num_inconsistent_stats: 0.

CodeHeap 'non-profiled nmethods': size=120000Kb used=4152Kb max_used=4152Kb free=115848Kb
 bounds [0x0000019690810000, 0x0000019690c20000, 0x0000019697d40000]
CodeHeap 'profiled nmethods': size=120000Kb used=12160Kb max_used=12160Kb free=107839Kb
 bounds [0x0000019688d40000, 0x0000019689930000, 0x0000019690270000]
CodeHeap 'non-nmethods': size=5760Kb used=1318Kb max_used=1398Kb free=4441Kb
 bounds [0x0000019690270000, 0x00000196904e0000, 0x0000019690810000]
 total_blobs=7065 nmethods=6413 adapters=566
 compilation: enabled
              stopped_count=0, restarted_count=0
 full_count=0

Compilation events (20 events):
Event: 6.797 Thread 0x00000196a059f6d0 nmethod 7354 0x0000019690c19b10 code [0x0000019690c19d20, 0x0000019690c1aad8]
Event: 6.797 Thread 0x00000196a059f6d0 7330       4       jdk.internal.misc.Unsafe::checkPrimitiveArray (22 bytes)
Event: 6.798 Thread 0x000001969f400140 nmethod 7358 0x0000019690c1b590 code [0x0000019690c1b720, 0x0000019690c1b8d8]
Event: 6.798 Thread 0x00000196a059f6d0 nmethod 7330 0x0000019690c1bb10 code [0x0000019690c1bc80, 0x0000019690c1bd58]
Event: 6.799 Thread 0x000001969f2888d0 nmethod 7359 0x000001968991a110 code [0x000001968991a5e0, 0x000001968991d1b8]
Event: 6.799 Thread 0x000001969f2888d0 7360       3       org.eclipse.jdt.internal.compiler.classfmt.FieldInfo::decodeAnnotations (185 bytes)
Event: 6.799 Thread 0x000001969f2888d0 nmethod 7360 0x0000019688e63590 code [0x0000019688e637a0, 0x0000019688e64278]
Event: 6.799 Thread 0x000001969f2888d0 7361       3       org.eclipse.jdt.internal.compiler.classfmt.FieldInfoWithAnnotation::<init> (106 bytes)
Event: 6.799 Thread 0x000001969f2888d0 nmethod 7361 0x0000019689851190 code [0x0000019689851340, 0x0000019689851698]
Event: 6.801 Thread 0x000001969f2888d0 7362       3       org.eclipse.jdt.internal.compiler.classfmt.FieldInfo::createField (450 bytes)
Event: 6.801 Thread 0x000001969f287770 nmethod 7356 0x0000019690c1be90 code [0x0000019690c1c0c0, 0x0000019690c1d000]
Event: 6.802 Thread 0x000001969f2888d0 nmethod 7362 0x000001968991e290 code [0x000001968991e640, 0x0000019689920348]
Event: 6.809 Thread 0x000001969f2888d0 7363       3       org.eclipse.jdt.core.compiler.CharOperation::fragmentEquals (89 bytes)
Event: 6.809 Thread 0x000001969f2888d0 nmethod 7363 0x0000019689819d90 code [0x0000019689819f80, 0x000001968981a4b8]
Event: 6.836 Thread 0x000001969f2888d0 7364       3       org.eclipse.jdt.internal.core.search.indexing.BinaryIndexer::removeFirstSyntheticParameter (73 bytes)
Event: 6.836 Thread 0x000001969f2888d0 nmethod 7364 0x0000019688e62d10 code [0x0000019688e62f00, 0x0000019688e633b8]
Event: 6.837 Thread 0x000001969f2888d0 7365       3       org.eclipse.jdt.core.Signature::checkName (102 bytes)
Event: 6.838 Thread 0x000001969f2888d0 nmethod 7365 0x0000019689853110 code [0x0000019689853300, 0x00000196898537b8]
Event: 6.838 Thread 0x000001969f400140 7366       4       java.util.regex.Matcher::match (154 bytes)
Event: 6.841 Thread 0x000001969f400140 nmethod 7366 0x0000019690c1da10 code [0x0000019690c1dba0, 0x0000019690c1de58]

GC Heap History (20 events):
Event: 6.512 GC heap after
{Heap after GC invocations=63 (full 6):
 PSYoungGen      total 13312K, used 3579K [0x00000000eab00000, 0x00000000ebf80000, 0x0000000100000000)
  eden space 9728K, 0% used [0x00000000eab00000,0x00000000eab00000,0x00000000eb480000)
  from space 3584K, 99% used [0x00000000eb600000,0x00000000eb97ecf8,0x00000000eb980000)
  to   space 5632K, 0% used [0x00000000eba00000,0x00000000eba00000,0x00000000ebf80000)
 ParOldGen       total 174592K, used 148400K [0x00000000c0000000, 0x00000000caa80000, 0x00000000eab00000)
  object space 174592K, 84% used [0x00000000c0000000,0x00000000c90ec300,0x00000000caa80000)
 Metaspace       used 54454K, committed 55552K, reserved 1114112K
  class space    used 5831K, committed 6336K, reserved 1048576K
}
Event: 6.540 GC heap before
{Heap before GC invocations=64 (full 6):
 PSYoungGen      total 13312K, used 13307K [0x00000000eab00000, 0x00000000ebf80000, 0x0000000100000000)
  eden space 9728K, 100% used [0x00000000eab00000,0x00000000eb480000,0x00000000eb480000)
  from space 3584K, 99% used [0x00000000eb600000,0x00000000eb97ecf8,0x00000000eb980000)
  to   space 5632K, 0% used [0x00000000eba00000,0x00000000eba00000,0x00000000ebf80000)
 ParOldGen       total 174592K, used 148400K [0x00000000c0000000, 0x00000000caa80000, 0x00000000eab00000)
  object space 174592K, 84% used [0x00000000c0000000,0x00000000c90ec300,0x00000000caa80000)
 Metaspace       used 54454K, committed 55552K, reserved 1114112K
  class space    used 5831K, committed 6336K, reserved 1048576K
}
Event: 6.543 GC heap after
{Heap after GC invocations=64 (full 6):
 PSYoungGen      total 12288K, used 2399K [0x00000000eab00000, 0x00000000ebc80000, 0x0000000100000000)
  eden space 9728K, 0% used [0x00000000eab00000,0x00000000eab00000,0x00000000eb480000)
  from space 2560K, 93% used [0x00000000eba00000,0x00000000ebc57e18,0x00000000ebc80000)
  to   space 3584K, 0% used [0x00000000eb580000,0x00000000eb580000,0x00000000eb900000)
 ParOldGen       total 174592K, used 151850K [0x00000000c0000000, 0x00000000caa80000, 0x00000000eab00000)
  object space 174592K, 86% used [0x00000000c0000000,0x00000000c944ab38,0x00000000caa80000)
 Metaspace       used 54454K, committed 55552K, reserved 1114112K
  class space    used 5831K, committed 6336K, reserved 1048576K
}
Event: 6.566 GC heap before
{Heap before GC invocations=65 (full 6):
 PSYoungGen      total 12288K, used 12127K [0x00000000eab00000, 0x00000000ebc80000, 0x0000000100000000)
  eden space 9728K, 100% used [0x00000000eab00000,0x00000000eb480000,0x00000000eb480000)
  from space 2560K, 93% used [0x00000000eba00000,0x00000000ebc57e18,0x00000000ebc80000)
  to   space 3584K, 0% used [0x00000000eb580000,0x00000000eb580000,0x00000000eb900000)
 ParOldGen       total 174592K, used 151850K [0x00000000c0000000, 0x00000000caa80000, 0x00000000eab00000)
  object space 174592K, 86% used [0x00000000c0000000,0x00000000c944ab38,0x00000000caa80000)
 Metaspace       used 54454K, committed 55552K, reserved 1114112K
  class space    used 5831K, committed 6336K, reserved 1048576K
}
Event: 6.568 GC heap after
{Heap after GC invocations=65 (full 6):
 PSYoungGen      total 13312K, used 3577K [0x00000000eab00000, 0x00000000ebe80000, 0x0000000100000000)
  eden space 9728K, 0% used [0x00000000eab00000,0x00000000eab00000,0x00000000eb480000)
  from space 3584K, 99% used [0x00000000eb580000,0x00000000eb8fe6b8,0x00000000eb900000)
  to   space 5120K, 0% used [0x00000000eb980000,0x00000000eb980000,0x00000000ebe80000)
 ParOldGen       total 174592K, used 152808K [0x00000000c0000000, 0x00000000caa80000, 0x00000000eab00000)
  object space 174592K, 87% used [0x00000000c0000000,0x00000000c953a120,0x00000000caa80000)
 Metaspace       used 54454K, committed 55552K, reserved 1114112K
  class space    used 5831K, committed 6336K, reserved 1048576K
}
Event: 6.603 GC heap before
{Heap before GC invocations=66 (full 6):
 PSYoungGen      total 13312K, used 13305K [0x00000000eab00000, 0x00000000ebe80000, 0x0000000100000000)
  eden space 9728K, 100% used [0x00000000eab00000,0x00000000eb480000,0x00000000eb480000)
  from space 3584K, 99% used [0x00000000eb580000,0x00000000eb8fe6b8,0x00000000eb900000)
  to   space 5120K, 0% used [0x00000000eb980000,0x00000000eb980000,0x00000000ebe80000)
 ParOldGen       total 174592K, used 152808K [0x00000000c0000000, 0x00000000caa80000, 0x00000000eab00000)
  object space 174592K, 87% used [0x00000000c0000000,0x00000000c953a120,0x00000000caa80000)
 Metaspace       used 54454K, committed 55552K, reserved 1114112K
  class space    used 5831K, committed 6336K, reserved 1048576K
}
Event: 6.606 GC heap after
{Heap after GC invocations=66 (full 6):
 PSYoungGen      total 12288K, used 2366K [0x00000000eab00000, 0x00000000ebc00000, 0x0000000100000000)
  eden space 9728K, 0% used [0x00000000eab00000,0x00000000eab00000,0x00000000eb480000)
  from space 2560K, 92% used [0x00000000eb980000,0x00000000ebbcf8f0,0x00000000ebc00000)
  to   space 3584K, 0% used [0x00000000eb500000,0x00000000eb500000,0x00000000eb880000)
 ParOldGen       total 174592K, used 156313K [0x00000000c0000000, 0x00000000caa80000, 0x00000000eab00000)
  object space 174592K, 89% used [0x00000000c0000000,0x00000000c98a6580,0x00000000caa80000)
 Metaspace       used 54454K, committed 55552K, reserved 1114112K
  class space    used 5831K, committed 6336K, reserved 1048576K
}
Event: 6.637 GC heap before
{Heap before GC invocations=67 (full 6):
 PSYoungGen      total 12288K, used 12094K [0x00000000eab00000, 0x00000000ebc00000, 0x0000000100000000)
  eden space 9728K, 100% used [0x00000000eab00000,0x00000000eb480000,0x00000000eb480000)
  from space 2560K, 92% used [0x00000000eb980000,0x00000000ebbcf8f0,0x00000000ebc00000)
  to   space 3584K, 0% used [0x00000000eb500000,0x00000000eb500000,0x00000000eb880000)
 ParOldGen       total 174592K, used 156313K [0x00000000c0000000, 0x00000000caa80000, 0x00000000eab00000)
  object space 174592K, 89% used [0x00000000c0000000,0x00000000c98a6580,0x00000000caa80000)
 Metaspace       used 54455K, committed 55552K, reserved 1114112K
  class space    used 5831K, committed 6336K, reserved 1048576K
}
Event: 6.639 GC heap after
{Heap after GC invocations=67 (full 6):
 PSYoungGen      total 13312K, used 3578K [0x00000000eab00000, 0x00000000ebe80000, 0x0000000100000000)
  eden space 9728K, 0% used [0x00000000eab00000,0x00000000eab00000,0x00000000eb480000)
  from space 3584K, 99% used [0x00000000eb500000,0x00000000eb87e810,0x00000000eb880000)
  to   space 5120K, 0% used [0x00000000eb980000,0x00000000eb980000,0x00000000ebe80000)
 ParOldGen       total 174592K, used 157212K [0x00000000c0000000, 0x00000000caa80000, 0x00000000eab00000)
  object space 174592K, 90% used [0x00000000c0000000,0x00000000c99871f8,0x00000000caa80000)
 Metaspace       used 54455K, committed 55552K, reserved 1114112K
  class space    used 5831K, committed 6336K, reserved 1048576K
}
Event: 6.672 GC heap before
{Heap before GC invocations=68 (full 6):
 PSYoungGen      total 13312K, used 13306K [0x00000000eab00000, 0x00000000ebe80000, 0x0000000100000000)
  eden space 9728K, 100% used [0x00000000eab00000,0x00000000eb480000,0x00000000eb480000)
  from space 3584K, 99% used [0x00000000eb500000,0x00000000eb87e810,0x00000000eb880000)
  to   space 5120K, 0% used [0x00000000eb980000,0x00000000eb980000,0x00000000ebe80000)
 ParOldGen       total 174592K, used 157212K [0x00000000c0000000, 0x00000000caa80000, 0x00000000eab00000)
  object space 174592K, 90% used [0x00000000c0000000,0x00000000c99871f8,0x00000000caa80000)
 Metaspace       used 54455K, committed 55552K, reserved 1114112K
  class space    used 5831K, committed 6336K, reserved 1048576K
}
Event: 6.676 GC heap after
{Heap after GC invocations=68 (full 6):
 PSYoungGen      total 12288K, used 2281K [0x00000000eab00000, 0x00000000ebc00000, 0x0000000100000000)
  eden space 9728K, 0% used [0x00000000eab00000,0x00000000eab00000,0x00000000eb480000)
  from space 2560K, 89% used [0x00000000eb980000,0x00000000ebbba590,0x00000000ebc00000)
  to   space 3584K, 0% used [0x00000000eb500000,0x00000000eb500000,0x00000000eb880000)
 ParOldGen       total 174592K, used 160752K [0x00000000c0000000, 0x00000000caa80000, 0x00000000eab00000)
  object space 174592K, 92% used [0x00000000c0000000,0x00000000c9cfc288,0x00000000caa80000)
 Metaspace       used 54455K, committed 55552K, reserved 1114112K
  class space    used 5831K, committed 6336K, reserved 1048576K
}
Event: 6.740 GC heap before
{Heap before GC invocations=69 (full 6):
 PSYoungGen      total 12288K, used 12009K [0x00000000eab00000, 0x00000000ebc00000, 0x0000000100000000)
  eden space 9728K, 100% used [0x00000000eab00000,0x00000000eb480000,0x00000000eb480000)
  from space 2560K, 89% used [0x00000000eb980000,0x00000000ebbba590,0x00000000ebc00000)
  to   space 3584K, 0% used [0x00000000eb500000,0x00000000eb500000,0x00000000eb880000)
 ParOldGen       total 174592K, used 160752K [0x00000000c0000000, 0x00000000caa80000, 0x00000000eab00000)
  object space 174592K, 92% used [0x00000000c0000000,0x00000000c9cfc288,0x00000000caa80000)
 Metaspace       used 54455K, committed 55552K, reserved 1114112K
  class space    used 5831K, committed 6336K, reserved 1048576K
}
Event: 6.745 GC heap after
{Heap after GC invocations=69 (full 6):
 PSYoungGen      total 13312K, used 3566K [0x00000000eab00000, 0x00000000ec480000, 0x0000000100000000)
  eden space 9728K, 0% used [0x00000000eab00000,0x00000000eab00000,0x00000000eb480000)
  from space 3584K, 99% used [0x00000000eb500000,0x00000000eb87ba90,0x00000000eb880000)
  to   space 8192K, 0% used [0x00000000ebc80000,0x00000000ebc80000,0x00000000ec480000)
 ParOldGen       total 174592K, used 164233K [0x00000000c0000000, 0x00000000caa80000, 0x00000000eab00000)
  object space 174592K, 94% used [0x00000000c0000000,0x00000000ca062790,0x00000000caa80000)
 Metaspace       used 54455K, committed 55552K, reserved 1114112K
  class space    used 5831K, committed 6336K, reserved 1048576K
}
Event: 6.775 GC heap before
{Heap before GC invocations=70 (full 6):
 PSYoungGen      total 13312K, used 13294K [0x00000000eab00000, 0x00000000ec480000, 0x0000000100000000)
  eden space 9728K, 100% used [0x00000000eab00000,0x00000000eb480000,0x00000000eb480000)
  from space 3584K, 99% used [0x00000000eb500000,0x00000000eb87ba90,0x00000000eb880000)
  to   space 8192K, 0% used [0x00000000ebc80000,0x00000000ebc80000,0x00000000ec480000)
 ParOldGen       total 174592K, used 164233K [0x00000000c0000000, 0x00000000caa80000, 0x00000000eab00000)
  object space 174592K, 94% used [0x00000000c0000000,0x00000000ca062790,0x00000000caa80000)
 Metaspace       used 54455K, committed 55552K, reserved 1114112K
  class space    used 5831K, committed 6336K, reserved 1048576K
}
Event: 6.779 GC heap after
{Heap after GC invocations=70 (full 6):
 PSYoungGen      total 12288K, used 2219K [0x00000000eab00000, 0x00000000ebf00000, 0x0000000100000000)
  eden space 9728K, 0% used [0x00000000eab00000,0x00000000eab00000,0x00000000eb480000)
  from space 2560K, 86% used [0x00000000ebc80000,0x00000000ebeaadd8,0x00000000ebf00000)
  to   space 4096K, 0% used [0x00000000eb700000,0x00000000eb700000,0x00000000ebb00000)
 ParOldGen       total 174592K, used 167686K [0x00000000c0000000, 0x00000000caa80000, 0x00000000eab00000)
  object space 174592K, 96% used [0x00000000c0000000,0x00000000ca3c1890,0x00000000caa80000)
 Metaspace       used 54455K, committed 55552K, reserved 1114112K
  class space    used 5831K, committed 6336K, reserved 1048576K
}
Event: 6.806 GC heap before
{Heap before GC invocations=71 (full 6):
 PSYoungGen      total 12288K, used 11947K [0x00000000eab00000, 0x00000000ebf00000, 0x0000000100000000)
  eden space 9728K, 100% used [0x00000000eab00000,0x00000000eb480000,0x00000000eb480000)
  from space 2560K, 86% used [0x00000000ebc80000,0x00000000ebeaadd8,0x00000000ebf00000)
  to   space 4096K, 0% used [0x00000000eb700000,0x00000000eb700000,0x00000000ebb00000)
 ParOldGen       total 174592K, used 167686K [0x00000000c0000000, 0x00000000caa80000, 0x00000000eab00000)
  object space 174592K, 96% used [0x00000000c0000000,0x00000000ca3c1890,0x00000000caa80000)
 Metaspace       used 54455K, committed 55552K, reserved 1114112K
  class space    used 5831K, committed 6336K, reserved 1048576K
}
Event: 6.808 GC heap after
{Heap after GC invocations=71 (full 6):
 PSYoungGen      total 13824K, used 4079K [0x00000000eab00000, 0x00000000ebe80000, 0x0000000100000000)
  eden space 9728K, 0% used [0x00000000eab00000,0x00000000eab00000,0x00000000eb480000)
  from space 4096K, 99% used [0x00000000eb700000,0x00000000ebafbc40,0x00000000ebb00000)
  to   space 3584K, 0% used [0x00000000ebb00000,0x00000000ebb00000,0x00000000ebe80000)
 ParOldGen       total 174592K, used 167938K [0x00000000c0000000, 0x00000000caa80000, 0x00000000eab00000)
  object space 174592K, 96% used [0x00000000c0000000,0x00000000ca400888,0x00000000caa80000)
 Metaspace       used 54455K, committed 55552K, reserved 1114112K
  class space    used 5831K, committed 6336K, reserved 1048576K
}
Event: 6.827 GC heap before
{Heap before GC invocations=72 (full 6):
 PSYoungGen      total 13824K, used 13807K [0x00000000eab00000, 0x00000000ebe80000, 0x0000000100000000)
  eden space 9728K, 100% used [0x00000000eab00000,0x00000000eb480000,0x00000000eb480000)
  from space 4096K, 99% used [0x00000000eb700000,0x00000000ebafbc40,0x00000000ebb00000)
  to   space 3584K, 0% used [0x00000000ebb00000,0x00000000ebb00000,0x00000000ebe80000)
 ParOldGen       total 174592K, used 167938K [0x00000000c0000000, 0x00000000caa80000, 0x00000000eab00000)
  object space 174592K, 96% used [0x00000000c0000000,0x00000000ca400888,0x00000000caa80000)
 Metaspace       used 54455K, committed 55552K, reserved 1114112K
  class space    used 5831K, committed 6336K, reserved 1048576K
}
Event: 6.829 GC heap after
{Heap after GC invocations=72 (full 6):
 PSYoungGen      total 12288K, used 2417K [0x00000000eab00000, 0x00000000ebd80000, 0x0000000100000000)
  eden space 9728K, 0% used [0x00000000eab00000,0x00000000eab00000,0x00000000eb480000)
  from space 2560K, 94% used [0x00000000ebb00000,0x00000000ebd5c5a8,0x00000000ebd80000)
  to   space 3584K, 0% used [0x00000000eb680000,0x00000000eb680000,0x00000000eba00000)
 ParOldGen       total 174592K, used 171843K [0x00000000c0000000, 0x00000000caa80000, 0x00000000eab00000)
  object space 174592K, 98% used [0x00000000c0000000,0x00000000ca7d0c58,0x00000000caa80000)
 Metaspace       used 54455K, committed 55552K, reserved 1114112K
  class space    used 5831K, committed 6336K, reserved 1048576K
}
Event: 6.847 GC heap before
{Heap before GC invocations=73 (full 7):
 PSYoungGen      total 12288K, used 12145K [0x00000000eab00000, 0x00000000ebd80000, 0x0000000100000000)
  eden space 9728K, 100% used [0x00000000eab00000,0x00000000eb480000,0x00000000eb480000)
  from space 2560K, 94% used [0x00000000ebb00000,0x00000000ebd5c5a8,0x00000000ebd80000)
  to   space 3584K, 0% used [0x00000000eb680000,0x00000000eb680000,0x00000000eba00000)
 ParOldGen       total 174592K, used 171843K [0x00000000c0000000, 0x00000000caa80000, 0x00000000eab00000)
  object space 174592K, 98% used [0x00000000c0000000,0x00000000ca7d0c58,0x00000000caa80000)
 Metaspace       used 54455K, committed 55552K, reserved 1114112K
  class space    used 5831K, committed 6336K, reserved 1048576K
}

Dll operation events (10 events):
Event: 0.006 Loaded shared library c:\Users\Hamza tabani\.vscode\extensions\redhat.java-1.37.0-win32-x64\jre\17.0.13-win32-x86_64\bin\java.dll
Event: 0.127 Loaded shared library c:\Users\Hamza tabani\.vscode\extensions\redhat.java-1.37.0-win32-x64\jre\17.0.13-win32-x86_64\bin\zip.dll
Event: 0.130 Loaded shared library C:\Users\Hamza tabani\.vscode\extensions\redhat.java-1.37.0-win32-x64\jre\17.0.13-win32-x86_64\bin\instrument.dll
Event: 0.143 Loaded shared library C:\Users\Hamza tabani\.vscode\extensions\redhat.java-1.37.0-win32-x64\jre\17.0.13-win32-x86_64\bin\net.dll
Event: 0.145 Loaded shared library C:\Users\Hamza tabani\.vscode\extensions\redhat.java-1.37.0-win32-x64\jre\17.0.13-win32-x86_64\bin\nio.dll
Event: 0.152 Loaded shared library C:\Users\Hamza tabani\.vscode\extensions\redhat.java-1.37.0-win32-x64\jre\17.0.13-win32-x86_64\bin\zip.dll
Event: 0.166 Loaded shared library C:\Users\Hamza tabani\.vscode\extensions\redhat.java-1.37.0-win32-x64\jre\17.0.13-win32-x86_64\bin\jimage.dll
Event: 0.207 Loaded shared library c:\Users\Hamza tabani\.vscode\extensions\redhat.java-1.37.0-win32-x64\jre\17.0.13-win32-x86_64\bin\verify.dll
Event: 0.894 Loaded shared library C:\Users\Hamza tabani\AppData\Roaming\Code\User\globalStorage\redhat.java\1.37.0\config_win\org.eclipse.equinox.launcher\org.eclipse.equinox.launcher.win32.win32.x86_64_1.2.1100.v20240722-2106\eclipse_11904.dll
Event: 1.932 Loaded shared library C:\Users\Hamza tabani\AppData\Local\Temp\jna-84987212\jna10059464079317617240.dll

Deoptimization events (20 events):
Event: 5.650 Thread 0x00000196a1157b10 DEOPT PACKING pc=0x000001968988e305 sp=0x000000098b8fe900
Event: 5.650 Thread 0x00000196a1157b10 DEOPT UNPACKING pc=0x00000196902c6e43 sp=0x000000098b8fde88 mode 0
Event: 5.657 Thread 0x00000196a1157b10 DEOPT PACKING pc=0x000001968988e305 sp=0x000000098b8fe900
Event: 5.657 Thread 0x00000196a1157b10 DEOPT UNPACKING pc=0x00000196902c6e43 sp=0x000000098b8fde88 mode 0
Event: 5.668 Thread 0x00000196a1157b10 DEOPT PACKING pc=0x000001968988e305 sp=0x000000098b8fe900
Event: 5.668 Thread 0x00000196a1157b10 DEOPT UNPACKING pc=0x00000196902c6e43 sp=0x000000098b8fde88 mode 0
Event: 5.674 Thread 0x00000196a1157b10 DEOPT PACKING pc=0x000001968988e305 sp=0x000000098b8fe900
Event: 5.674 Thread 0x00000196a1157b10 DEOPT UNPACKING pc=0x00000196902c6e43 sp=0x000000098b8fde88 mode 0
Event: 6.550 Thread 0x00000196a3d51d60 DEOPT PACKING pc=0x000001968965fcac sp=0x000000098cafe070
Event: 6.550 Thread 0x00000196a3d51d60 DEOPT UNPACKING pc=0x00000196902c6e43 sp=0x000000098cafd5f0 mode 0
Event: 6.631 Thread 0x00000196a3d56e60 DEOPT PACKING pc=0x0000019689122e2a sp=0x000000098c8fdb20
Event: 6.631 Thread 0x00000196a3d56e60 DEOPT UNPACKING pc=0x00000196902c6e43 sp=0x000000098c8fd040 mode 0
Event: 6.796 Thread 0x00000196a1157b10 Uncommon trap: trap_request=0xffffff45 fr.pc=0x0000019690842dc8 relative=0x0000000000001348
Event: 6.796 Thread 0x00000196a1157b10 Uncommon trap: reason=unstable_if action=reinterpret pc=0x0000019690842dc8 method=org.eclipse.jdt.internal.compiler.classfmt.MethodInfo.createMethod([B[IIJ)Lorg/eclipse/jdt/internal/compiler/classfmt/MethodInfo; @ 217 c2
Event: 6.796 Thread 0x00000196a1157b10 DEOPT PACKING pc=0x0000019690842dc8 sp=0x000000098b8fed40
Event: 6.796 Thread 0x00000196a1157b10 DEOPT UNPACKING pc=0x00000196902c66a3 sp=0x000000098b8fec80 mode 2
Event: 6.797 Thread 0x00000196a1157b10 Uncommon trap: trap_request=0xffffff45 fr.pc=0x000001969092f380 relative=0x0000000000001200
Event: 6.797 Thread 0x00000196a1157b10 Uncommon trap: reason=unstable_if action=reinterpret pc=0x000001969092f380 method=org.eclipse.jdt.internal.compiler.classfmt.FieldInfo.createField([B[IIJ)Lorg/eclipse/jdt/internal/compiler/classfmt/FieldInfo; @ 167 c2
Event: 6.797 Thread 0x00000196a1157b10 DEOPT PACKING pc=0x000001969092f380 sp=0x000000098b8fed20
Event: 6.797 Thread 0x00000196a1157b10 DEOPT UNPACKING pc=0x00000196902c66a3 sp=0x000000098b8feca8 mode 2

Classes loaded (20 events):
Event: 4.880 Loading class jdk/internal/math/FDBigInteger
Event: 4.880 Loading class jdk/internal/math/FDBigInteger done
Event: 4.912 Loading class java/util/regex/Pattern$Pos
Event: 4.912 Loading class java/util/regex/Pattern$Pos done
Event: 4.940 Loading class java/util/AbstractList$RandomAccessSpliterator
Event: 4.940 Loading class java/util/AbstractList$RandomAccessSpliterator done
Event: 4.942 Loading class sun/security/provider/MD5
Event: 4.942 Loading class sun/security/provider/MD5 done
Event: 4.942 Loading class sun/security/provider/ByteArrayAccess$LE
Event: 4.942 Loading class sun/security/provider/ByteArrayAccess$LE done
Event: 4.946 Loading class java/util/stream/MatchOps$MatchKind
Event: 4.946 Loading class java/util/stream/MatchOps$MatchKind done
Event: 4.946 Loading class java/util/stream/MatchOps
Event: 4.947 Loading class java/util/stream/MatchOps done
Event: 4.947 Loading class java/util/stream/MatchOps$MatchOp
Event: 4.947 Loading class java/util/stream/MatchOps$MatchOp done
Event: 4.947 Loading class java/util/stream/MatchOps$BooleanTerminalSink
Event: 4.947 Loading class java/util/stream/MatchOps$BooleanTerminalSink done
Event: 4.947 Loading class java/util/stream/MatchOps$1MatchSink
Event: 4.947 Loading class java/util/stream/MatchOps$1MatchSink done

Classes unloaded (12 events):
Event: 2.806 Thread 0x000001969f240090 Unloading class 0x0000000100250000 'java/lang/invoke/LambdaForm$MH+0x0000000100250000'
Event: 2.806 Thread 0x000001969f240090 Unloading class 0x000000010024fc00 'java/lang/invoke/LambdaForm$MH+0x000000010024fc00'
Event: 2.806 Thread 0x000001969f240090 Unloading class 0x000000010024f800 'java/lang/invoke/LambdaForm$MH+0x000000010024f800'
Event: 2.806 Thread 0x000001969f240090 Unloading class 0x000000010024f400 'java/lang/invoke/LambdaForm$MH+0x000000010024f400'
Event: 2.806 Thread 0x000001969f240090 Unloading class 0x000000010024f000 'java/lang/invoke/LambdaForm$BMH+0x000000010024f000'
Event: 2.806 Thread 0x000001969f240090 Unloading class 0x000000010024ec00 'java/lang/invoke/LambdaForm$DMH+0x000000010024ec00'
Event: 2.806 Thread 0x000001969f240090 Unloading class 0x000000010024c400 'java/lang/invoke/LambdaForm$DMH+0x000000010024c400'
Event: 4.604 Thread 0x000001969f240090 Unloading class 0x00000001004a4400 'java/lang/invoke/LambdaForm$MH+0x00000001004a4400'
Event: 4.604 Thread 0x000001969f240090 Unloading class 0x00000001004a4000 'java/lang/invoke/LambdaForm$MH+0x00000001004a4000'
Event: 4.604 Thread 0x000001969f240090 Unloading class 0x00000001004a2800 'java/lang/invoke/LambdaForm$MH+0x00000001004a2800'
Event: 4.604 Thread 0x000001969f240090 Unloading class 0x000000010049e000 'java/lang/invoke/LambdaForm$MH+0x000000010049e000'
Event: 4.605 Thread 0x000001969f240090 Unloading class 0x000000010049d800 'java/lang/invoke/LambdaForm$MH+0x000000010049d800'

Classes redefined (0 events):
No events

Internal exceptions (20 events):
Event: 3.905 Thread 0x00000196a1159970 Exception <a 'sun/nio/fs/WindowsException'{0x00000000eb0f5f30}> (0x00000000eb0f5f30) 
thrown [s\src\hotspot\share\prims\jni.cpp, line 516]
Event: 3.905 Thread 0x00000196a1159970 Exception <a 'sun/nio/fs/WindowsException'{0x00000000eb0f6810}> (0x00000000eb0f6810) 
thrown [s\src\hotspot\share\prims\jni.cpp, line 516]
Event: 3.939 Thread 0x00000196a1159970 Exception <a 'java/io/FileNotFoundException'{0x00000000eba033e8}> (0x00000000eba033e8) 
thrown [s\src\hotspot\share\prims\jni.cpp, line 516]
Event: 3.939 Thread 0x00000196a1159970 Exception <a 'java/io/FileNotFoundException'{0x00000000eba04418}> (0x00000000eba04418) 
thrown [s\src\hotspot\share\prims\jni.cpp, line 516]
Event: 3.939 Thread 0x00000196a1159970 Exception <a 'java/io/FileNotFoundException'{0x00000000eba051a8}> (0x00000000eba051a8) 
thrown [s\src\hotspot\share\prims\jni.cpp, line 516]
Event: 3.956 Thread 0x00000196a3d51d60 Exception <a 'sun/nio/fs/WindowsException'{0x00000000eabe1da8}> (0x00000000eabe1da8) 
thrown [s\src\hotspot\share\prims\jni.cpp, line 516]
Event: 3.957 Thread 0x00000196a3d51d60 Exception <a 'sun/nio/fs/WindowsException'{0x00000000eabe2400}> (0x00000000eabe2400) 
thrown [s\src\hotspot\share\prims\jni.cpp, line 516]
Event: 3.958 Thread 0x00000196a3d51d60 Exception <a 'sun/nio/fs/WindowsException'{0x00000000eac4e3b0}> (0x00000000eac4e3b0) 
thrown [s\src\hotspot\share\prims\jni.cpp, line 516]
Event: 3.958 Thread 0x00000196a3d51d60 Exception <a 'sun/nio/fs/WindowsException'{0x00000000eac4ec90}> (0x00000000eac4ec90) 
thrown [s\src\hotspot\share\prims\jni.cpp, line 516]
Event: 3.959 Thread 0x00000196a3d51d60 Exception <a 'sun/nio/fs/WindowsException'{0x00000000eace5370}> (0x00000000eace5370) 
thrown [s\src\hotspot\share\prims\jni.cpp, line 516]
Event: 3.960 Thread 0x00000196a3d51d60 Exception <a 'sun/nio/fs/WindowsException'{0x00000000eace59a8}> (0x00000000eace59a8) 
thrown [s\src\hotspot\share\prims\jni.cpp, line 516]
Event: 3.960 Thread 0x00000196a3d51d60 Exception <a 'sun/nio/fs/WindowsException'{0x00000000eace8248}> (0x00000000eace8248) 
thrown [s\src\hotspot\share\prims\jni.cpp, line 516]
Event: 3.960 Thread 0x00000196a3d51d60 Exception <a 'sun/nio/fs/WindowsException'{0x00000000eace8b28}> (0x00000000eace8b28) 
thrown [s\src\hotspot\share\prims\jni.cpp, line 516]
Event: 3.961 Thread 0x00000196a3d51d60 Exception <a 'sun/nio/fs/WindowsException'{0x00000000ead43be8}> (0x00000000ead43be8) 
thrown [s\src\hotspot\share\prims\jni.cpp, line 516]
Event: 3.961 Thread 0x00000196a3d51d60 Exception <a 'sun/nio/fs/WindowsException'{0x00000000ead44220}> (0x00000000ead44220) 
thrown [s\src\hotspot\share\prims\jni.cpp, line 516]
Event: 4.405 Thread 0x00000196a1159e80 Exception <a 'java/lang/ExceptionInInitializerError'{0x00000000ebf780a0}> (0x00000000ebf780a0) 
thrown [s\src\hotspot\share\oops\instanceKlass.cpp, line 1218]
Event: 4.439 Thread 0x00000196a1159e80 Implicit null exception at 0x000001969093102f to 0x00000196909311bc
Event: 4.439 Thread 0x00000196a1159e80 Implicit null exception at 0x00000196908a9b89 to 0x00000196908aad7c
Event: 4.442 Thread 0x00000196a1159e80 Exception <a 'java/lang/NoSuchMethodError'{0x00000000eb294b90}: 'java.lang.Object java.lang.invoke.Invokers$Holder.invokeExact_MT(java.lang.Object, int, java.lang.Object)'> (0x00000000eb294b90) 
thrown [s\src\hotspot\share\interpreter\linkResolver.cpp, line 759]
Event: 4.765 Thread 0x00000196a1159e80 Exception <a 'java/lang/NoClassDefFoundError'{0x00000000eb3aafd8}: com/google/inject/servlet/ServletModuleTargetVisitor> (0x00000000eb3aafd8) 
thrown [s\src\hotspot\share\classfile\systemDictionary.cpp, line 245]

VM Operations (20 events):
Event: 6.512 Executing VM operation: ParallelGCFailedAllocation done
Event: 6.540 Executing VM operation: ParallelGCFailedAllocation
Event: 6.543 Executing VM operation: ParallelGCFailedAllocation done
Event: 6.566 Executing VM operation: ParallelGCFailedAllocation
Event: 6.568 Executing VM operation: ParallelGCFailedAllocation done
Event: 6.603 Executing VM operation: ParallelGCFailedAllocation
Event: 6.606 Executing VM operation: ParallelGCFailedAllocation done
Event: 6.637 Executing VM operation: ParallelGCFailedAllocation
Event: 6.639 Executing VM operation: ParallelGCFailedAllocation done
Event: 6.672 Executing VM operation: ParallelGCFailedAllocation
Event: 6.676 Executing VM operation: ParallelGCFailedAllocation done
Event: 6.740 Executing VM operation: ParallelGCFailedAllocation
Event: 6.745 Executing VM operation: ParallelGCFailedAllocation done
Event: 6.775 Executing VM operation: ParallelGCFailedAllocation
Event: 6.779 Executing VM operation: ParallelGCFailedAllocation done
Event: 6.806 Executing VM operation: ParallelGCFailedAllocation
Event: 6.808 Executing VM operation: ParallelGCFailedAllocation done
Event: 6.827 Executing VM operation: ParallelGCFailedAllocation
Event: 6.829 Executing VM operation: ParallelGCFailedAllocation done
Event: 6.847 Executing VM operation: ParallelGCFailedAllocation

Memory protections (0 events):
No events

Nmethod flushes (20 events):
Event: 3.878 Thread 0x000001969f2895f0 flushing  nmethod 0x000001968982f790
Event: 3.878 Thread 0x000001969f2895f0 flushing  nmethod 0x0000019689833c10
Event: 3.878 Thread 0x000001969f2895f0 flushing  nmethod 0x0000019689834810
Event: 3.878 Thread 0x000001969f2895f0 flushing  nmethod 0x0000019689836f90
Event: 3.878 Thread 0x000001969f2895f0 flushing  nmethod 0x0000019689837810
Event: 3.878 Thread 0x000001969f2895f0 flushing  nmethod 0x0000019689837f10
Event: 3.878 Thread 0x000001969f2895f0 flushing  nmethod 0x0000019689838290
Event: 3.878 Thread 0x000001969f2895f0 flushing  nmethod 0x0000019689838610
Event: 3.878 Thread 0x000001969f2895f0 flushing  nmethod 0x0000019689838990
Event: 3.878 Thread 0x000001969f2895f0 flushing  nmethod 0x000001968984e810
Event: 3.878 Thread 0x000001969f2895f0 flushing  nmethod 0x000001968984fd10
Event: 6.315 Thread 0x000001969f2895f0 flushing  nmethod 0x0000019688e62d10
Event: 6.316 Thread 0x000001969f2895f0 flushing  nmethod 0x000001968907b910
Event: 6.318 Thread 0x000001969f2895f0 flushing  nmethod 0x000001968932d210
Event: 6.322 Thread 0x000001969f2895f0 flushing  nmethod 0x00000196897e1d10
Event: 6.322 Thread 0x000001969f2895f0 flushing  nmethod 0x0000019689819d90
Event: 6.322 Thread 0x000001969f2895f0 flushing  nmethod 0x0000019689851190
Event: 6.322 Thread 0x000001969f2895f0 flushing  nmethod 0x0000019689853110
Event: 6.322 Thread 0x000001969f2895f0 flushing  nmethod 0x0000019689854890
Event: 6.322 Thread 0x000001969f2895f0 flushing  nmethod 0x0000019689855190

Events (20 events):
Event: 2.727 Thread 0x00000196a0d863f0 Thread added: 0x00000196a1157b10
Event: 2.939 Thread 0x00000196a1156be0 Thread added: 0x00000196a1159e80
Event: 2.982 Thread 0x00000196a1159e80 Thread added: 0x00000196a1157600
Event: 2.998 Thread 0x000001968609f550 Thread added: 0x00000196a3d52c90
Event: 2.998 Thread 0x000001968609f550 Thread added: 0x00000196a3d55a20
Event: 2.998 Thread 0x000001968609f550 Thread added: 0x00000196a3d545e0
Event: 2.998 Thread 0x000001968609f550 Thread added: 0x00000196a3d536b0
Event: 2.999 Thread 0x000001968609f550 Thread added: 0x00000196a3d540d0
Event: 2.999 Thread 0x000001968609f550 Thread added: 0x00000196a3d55f30
Event: 2.999 Thread 0x000001968609f550 Thread added: 0x00000196a3d56440
Event: 2.999 Thread 0x000001968609f550 Thread added: 0x00000196a3d56950
Event: 2.999 Thread 0x000001968609f550 Thread added: 0x00000196a3d4ff00
Event: 3.015 Thread 0x000001968609f550 Thread added: 0x00000196a3d53bc0
Event: 3.248 Thread 0x000001968609f550 Thread added: 0x00000196a3d54af0
Event: 3.248 Thread 0x000001968609f550 Thread added: 0x00000196a3d56e60
Event: 3.350 Thread 0x00000196a1157600 Thread added: 0x00000196a3d50e30
Event: 3.365 Thread 0x00000196a1157600 Thread added: 0x00000196a3d51d60
Event: 3.389 Thread 0x00000196a3d51d60 Thread added: 0x00000196a3d57370
Event: 3.400 Thread 0x00000196a3d57370 Thread added: 0x00000196a3d50410
Event: 3.465 Thread 0x00000196a3d51d60 Thread added: 0x00000196a3d55000


Dynamic libraries:
0x00007ff66f010000 - 0x00007ff66f01e000 	c:\Users\Hamza tabani\.vscode\extensions\redhat.java-1.37.0-win32-x64\jre\17.0.13-win32-x86_64\bin\java.exe
0x00007fffd7170000 - 0x00007fffd7368000 	C:\Windows\SYSTEM32\ntdll.dll
0x00007fffd67c0000 - 0x00007fffd6882000 	C:\Windows\System32\KERNEL32.DLL
0x00007fffd4e90000 - 0x00007fffd518e000 	C:\Windows\System32\KERNELBASE.dll
0x00007fffd4930000 - 0x00007fffd4a30000 	C:\Windows\System32\ucrtbase.dll
0x00007fffc14e0000 - 0x00007fffc14f7000 	c:\Users\Hamza tabani\.vscode\extensions\redhat.java-1.37.0-win32-x64\jre\17.0.13-win32-x86_64\bin\jli.dll
0x00007fffbea90000 - 0x00007fffbeaae000 	c:\Users\Hamza tabani\.vscode\extensions\redhat.java-1.37.0-win32-x64\jre\17.0.13-win32-x86_64\bin\VCRUNTIME140.dll
0x00007fffd52c0000 - 0x00007fffd545d000 	C:\Windows\System32\USER32.dll
0x00007fffd4e60000 - 0x00007fffd4e82000 	C:\Windows\System32\win32u.dll
0x00007fffd3c60000 - 0x00007fffd3efa000 	C:\Windows\WinSxS\amd64_microsoft.windows.common-controls_6595b64144ccf1df_6.0.19041.4355_none_60b8b9eb71f62e16\COMCTL32.dll
0x00007fffd6f50000 - 0x00007fffd6f7b000 	C:\Windows\System32\GDI32.dll
0x00007fffd6a40000 - 0x00007fffd6ade000 	C:\Windows\System32\msvcrt.dll
0x00007fffd4810000 - 0x00007fffd4927000 	C:\Windows\System32\gdi32full.dll
0x00007fffd4ce0000 - 0x00007fffd4d7d000 	C:\Windows\System32\msvcp_win.dll
0x00007fffd7040000 - 0x00007fffd706f000 	C:\Windows\System32\IMM32.DLL
0x00007fffcb900000 - 0x00007fffcb90c000 	c:\Users\Hamza tabani\.vscode\extensions\redhat.java-1.37.0-win32-x64\jre\17.0.13-win32-x86_64\bin\vcruntime140_1.dll
0x00007fff7b7e0000 - 0x00007fff7b86d000 	c:\Users\Hamza tabani\.vscode\extensions\redhat.java-1.37.0-win32-x64\jre\17.0.13-win32-x86_64\bin\msvcp140.dll
0x00007fff6d050000 - 0x00007fff6dcbb000 	c:\Users\Hamza tabani\.vscode\extensions\redhat.java-1.37.0-win32-x64\jre\17.0.13-win32-x86_64\bin\server\jvm.dll
0x00007fffd6f80000 - 0x00007fffd7031000 	C:\Windows\System32\ADVAPI32.dll
0x00007fffd6890000 - 0x00007fffd692f000 	C:\Windows\System32\sechost.dll
0x00007fffd6610000 - 0x00007fffd6733000 	C:\Windows\System32\RPCRT4.dll
0x00007fffd4d80000 - 0x00007fffd4da7000 	C:\Windows\System32\bcrypt.dll
0x00007fffd56f0000 - 0x00007fffd575b000 	C:\Windows\System32\WS2_32.dll
0x00007fffd4670000 - 0x00007fffd46bb000 	C:\Windows\SYSTEM32\POWRPROF.dll
0x00007fffcaa60000 - 0x00007fffcaa87000 	C:\Windows\SYSTEM32\WINMM.dll
0x00007fffd1150000 - 0x00007fffd115a000 	C:\Windows\SYSTEM32\VERSION.dll
0x00007fffd4650000 - 0x00007fffd4662000 	C:\Windows\SYSTEM32\UMPDC.dll
0x00007fffd1960000 - 0x00007fffd1972000 	C:\Windows\SYSTEM32\kernel.appcore.dll
0x00007fffc89a0000 - 0x00007fffc89aa000 	c:\Users\Hamza tabani\.vscode\extensions\redhat.java-1.37.0-win32-x64\jre\17.0.13-win32-x86_64\bin\jimage.dll
0x00007fffd4110000 - 0x00007fffd42f4000 	C:\Windows\SYSTEM32\DBGHELP.DLL
0x00007fffd40d0000 - 0x00007fffd4104000 	C:\Windows\SYSTEM32\dbgcore.DLL
0x00007fffd4be0000 - 0x00007fffd4c62000 	C:\Windows\System32\bcryptPrimitives.dll
0x00007fffc0d10000 - 0x00007fffc0d1e000 	c:\Users\Hamza tabani\.vscode\extensions\redhat.java-1.37.0-win32-x64\jre\17.0.13-win32-x86_64\bin\instrument.dll
0x00007fff95d90000 - 0x00007fff95db5000 	c:\Users\Hamza tabani\.vscode\extensions\redhat.java-1.37.0-win32-x64\jre\17.0.13-win32-x86_64\bin\java.dll
0x00007fffbcf20000 - 0x00007fffbcf38000 	c:\Users\Hamza tabani\.vscode\extensions\redhat.java-1.37.0-win32-x64\jre\17.0.13-win32-x86_64\bin\zip.dll
0x00007fffd5870000 - 0x00007fffd5fdd000 	C:\Windows\System32\SHELL32.dll
0x00007fffd1b60000 - 0x00007fffd2304000 	C:\Windows\SYSTEM32\windows.storage.dll
0x00007fffd6040000 - 0x00007fffd6393000 	C:\Windows\System32\combase.dll
0x00007fffd39f0000 - 0x00007fffd3a1e000 	C:\Windows\SYSTEM32\Wldp.dll
0x00007fffd5460000 - 0x00007fffd552d000 	C:\Windows\System32\OLEAUT32.dll
0x00007fffd6550000 - 0x00007fffd65fd000 	C:\Windows\System32\SHCORE.dll
0x00007fffd5760000 - 0x00007fffd57b5000 	C:\Windows\System32\shlwapi.dll
0x00007fffd4740000 - 0x00007fffd4764000 	C:\Windows\SYSTEM32\profapi.dll
0x00007fffbcce0000 - 0x00007fffbccf9000 	C:\Users\Hamza tabani\.vscode\extensions\redhat.java-1.37.0-win32-x64\jre\17.0.13-win32-x86_64\bin\net.dll
0x00007fffcd9e0000 - 0x00007fffcdaed000 	C:\Windows\SYSTEM32\WINHTTP.dll
0x00007fffd37d0000 - 0x00007fffd383a000 	C:\Windows\system32\mswsock.dll
0x00007fffb7470000 - 0x00007fffb7486000 	C:\Users\Hamza tabani\.vscode\extensions\redhat.java-1.37.0-win32-x64\jre\17.0.13-win32-x86_64\bin\nio.dll
0x00007fffbe970000 - 0x00007fffbe980000 	c:\Users\Hamza tabani\.vscode\extensions\redhat.java-1.37.0-win32-x64\jre\17.0.13-win32-x86_64\bin\verify.dll
0x00007fff9f940000 - 0x00007fff9f985000 	C:\Users\Hamza tabani\AppData\Roaming\Code\User\globalStorage\redhat.java\1.37.0\config_win\org.eclipse.equinox.launcher\org.eclipse.equinox.launcher.win32.win32.x86_64_1.2.1100.v20240722-2106\eclipse_11904.dll
0x00007fffd5530000 - 0x00007fffd565b000 	C:\Windows\System32\ole32.dll
0x00007fffd44b0000 - 0x00007fffd44c8000 	C:\Windows\SYSTEM32\CRYPTSP.dll
0x00007fffd3170000 - 0x00007fffd31a4000 	C:\Windows\system32\rsaenh.dll
0x00007fffd46c0000 - 0x00007fffd46ee000 	C:\Windows\SYSTEM32\USERENV.dll
0x00007fffd3960000 - 0x00007fffd396c000 	C:\Windows\SYSTEM32\CRYPTBASE.dll
0x00007fffd34d0000 - 0x00007fffd350b000 	C:\Windows\SYSTEM32\IPHLPAPI.DLL
0x00007fffd6a30000 - 0x00007fffd6a38000 	C:\Windows\System32\NSI.dll
0x00007fffce820000 - 0x00007fffce837000 	C:\Windows\SYSTEM32\dhcpcsvc6.DLL
0x00007fffce800000 - 0x00007fffce81d000 	C:\Windows\SYSTEM32\dhcpcsvc.DLL
0x00007fffd3510000 - 0x00007fffd35da000 	C:\Windows\SYSTEM32\DNSAPI.dll
0x00007fff963f0000 - 0x00007fff96439000 	C:\Users\Hamza tabani\AppData\Local\Temp\jna-84987212\jna10059464079317617240.dll
0x00007fffd5190000 - 0x00007fffd5198000 	C:\Windows\System32\PSAPI.DLL

dbghelp: loaded successfully - version: 4.0.5 - missing functions: none
symbol engine: initialized successfully - sym options: 0x614 - pdb path: .;c:\Users\Hamza tabani\.vscode\extensions\redhat.java-1.37.0-win32-x64\jre\17.0.13-win32-x86_64\bin;C:\Windows\SYSTEM32;C:\Windows\WinSxS\amd64_microsoft.windows.common-controls_6595b64144ccf1df_6.0.19041.4355_none_60b8b9eb71f62e16;c:\Users\Hamza tabani\.vscode\extensions\redhat.java-1.37.0-win32-x64\jre\17.0.13-win32-x86_64\bin\server;C:\Users\Hamza tabani\AppData\Roaming\Code\User\globalStorage\redhat.java\1.37.0\config_win\org.eclipse.equinox.launcher\org.eclipse.equinox.launcher.win32.win32.x86_64_1.2.1100.v20240722-2106;C:\Users\Hamza tabani\AppData\Local\Temp\jna-84987212

VM Arguments:
jvm_args: --add-modules=ALL-SYSTEM --add-opens=java.base/java.util=ALL-UNNAMED --add-opens=java.base/java.lang=ALL-UNNAMED --add-opens=java.base/sun.nio.fs=ALL-UNNAMED -Declipse.application=org.eclipse.jdt.ls.core.id1 -Dosgi.bundles.defaultStartLevel=4 -Declipse.product=org.eclipse.jdt.ls.core.product -Djava.import.generatesMetadataFilesAtProjectRoot=false -DDetectVMInstallationsJob.disabled=true -Dfile.encoding=utf8 -XX:+UseParallelGC -XX:GCTimeRatio=4 -XX:AdaptiveSizePolicyWeight=90 -Dsun.zip.disableMemoryMapping=true -Xmx1G -Xms100m -Xlog:disable -javaagent:c:\Users\Hamza tabani\.vscode\extensions\redhat.java-1.37.0-win32-x64\lombok\lombok-1.18.34.jar -XX:+HeapDumpOnOutOfMemoryError -XX:HeapDumpPath=c:\Users\Hamza tabani\AppData\Roaming\Code\User\workspaceStorage\b770b574c2743dfc391069694ab435c9\redhat.java -Daether.dependencyCollector.impl=bf 
java_command: c:\Users\Hamza tabani\.vscode\extensions\redhat.java-1.37.0-win32-x64\server\plugins\org.eclipse.equinox.launcher_1.6.900.v20240613-2009.jar -configuration c:\Users\Hamza tabani\AppData\Roaming\Code\User\globalStorage\redhat.java\1.37.0\config_win -data c:\Users\Hamza tabani\AppData\Roaming\Code\User\workspaceStorage\b770b574c2743dfc391069694ab435c9\redhat.java\jdt_ws --pipe=\\.\pipe\lsp-c6d44aeae383e2a2fd38867f1dfeadbd-sock
java_class_path (initial): c:\Users\Hamza tabani\.vscode\extensions\redhat.java-1.37.0-win32-x64\server\plugins\org.eclipse.equinox.launcher_1.6.900.v20240613-2009.jar
Launcher Type: SUN_STANDARD

[Global flags]
    uintx AdaptiveSizePolicyWeight                 = 90                                        {product} {command line}
     intx CICompilerCount                          = 4                                         {product} {ergonomic}
    uintx GCTimeRatio                              = 4                                         {product} {command line}
     bool HeapDumpOnOutOfMemoryError               = true                                   {manageable} {command line}
    ccstr HeapDumpPath                             = c:\Users\Hamza tabani\AppData\Roaming\Code\User\workspaceStorage\b770b574c2743dfc391069694ab435c9\redhat.java         {manageable} {command line}
   size_t InitialHeapSize                          = 104857600                                 {product} {command line}
   size_t MaxHeapSize                              = 1073741824                                {product} {command line}
   size_t MaxNewSize                               = 357564416                                 {product} {ergonomic}
   size_t MinHeapDeltaBytes                        = 524288                                    {product} {ergonomic}
   size_t MinHeapSize                              = 104857600                                 {product} {command line}
   size_t NewSize                                  = 34603008                                  {product} {ergonomic}
    uintx NonNMethodCodeHeapSize                   = 5839372                                {pd product} {ergonomic}
    uintx NonProfiledCodeHeapSize                  = 122909434                              {pd product} {ergonomic}
   size_t OldSize                                  = 70254592                                  {product} {ergonomic}
    uintx ProfiledCodeHeapSize                     = 122909434                              {pd product} {ergonomic}
    uintx ReservedCodeCacheSize                    = 251658240                              {pd product} {ergonomic}
     bool SegmentedCodeCache                       = true                                      {product} {ergonomic}
   size_t SoftMaxHeapSize                          = 1073741824                             {manageable} {ergonomic}
     bool UseCompressedClassPointers               = true                           {product lp64_product} {ergonomic}
     bool UseCompressedOops                        = true                           {product lp64_product} {ergonomic}
     bool UseLargePagesIndividualAllocation        = false                                  {pd product} {ergonomic}
     bool UseParallelGC                            = true                                      {product} {command line}

Logging:
Log output configuration:
 #0: stdout all=off uptime,level,tags
 #1: stderr all=off uptime,level,tags

Environment Variables:
JAVA_HOME=C:\Program Files\Java\jdk-17
PATH=C:\Program Files\Common Files\Oracle\Java\javapath;C:\Windows\system32;C:\Windows;C:\Windows\System32\Wbem;C:\Windows\System32\WindowsPowerShell\v1.0\;C:\Windows\System32\OpenSSH\;C:\ProgramData\chocolatey\bin;C:\Program Files\nodejs\;C:\Users\Hamza tabani\AppData\Local\Android\Sdk\platform-tools;C:\Program Files\OpenJDK\jdk-20.0.2\bin;C:\Program Files (x86)\ATI Technologies\ATI.ACE\Core-Static;C:\Program Files\MongoDB\mongosh-2.3.1-win32-x64\bin;C:\Users\Hamza tabani\AppData\Local\Android\Sdk\tools;C:\Users\Hamza tabani\AppData\Local\Microsoft\WindowsApps;C:\Users\Hamza tabani\AppData\Local\Programs\Microsoft VS Code\bin;C:\Users\Hamza tabani\AppData\Local\Programs\Git\cmd;C:\Users\Hamza tabani\AppData\Roaming\npm
USERNAME=Hamza tabani
OS=Windows_NT
PROCESSOR_IDENTIFIER=Intel64 Family 6 Model 60 Stepping 3, GenuineIntel
TMP=C:\Users\HAMZAT~1\AppData\Local\Temp
TEMP=C:\Users\HAMZAT~1\AppData\Local\Temp



Periodic native trim disabled


---------------  S Y S T E M  ---------------

OS:
 Windows 10 , 64 bit Build 19041 (10.0.19041.5072)
OS uptime: 1 days 19:15 hours
Hyper-V role detected

CPU: total 8 (initial active 8) (4 cores per cpu, 2 threads per core) family 6 model 60 stepping 3 microcode 0x27, cx8, cmov, fxsr, ht, mmx, sse, sse2, sse3, ssse3, sse4.1, sse4.2, popcnt, lzcnt, tsc, tscinvbit, avx, avx2, erms, clmul, bmi1, bmi2, fma, vzeroupper, clflush, hv
Processor Information for all 8 processors :
  Max Mhz: 3601, Current Mhz: 3601, Mhz Limit: 3601

Memory: 4k page, system-wide physical 16321M (8646M free)
TotalPageFile size 22465M (AvailPageFile size 13754M)
current process WorkingSet (physical memory assigned to process): 440M, peak: 440M
current process commit charge ("private bytes"): 420M, peak: 436M

vm_info: OpenJDK 64-Bit Server VM (17.0.13+11) for windows-amd64 JRE (17.0.13+11), built on Oct 16 2024 00:10:08 by "admin" with MS VC++ 17.7 (VS2022)

END.
